{
  "RSpec": {
    "coverage": {
      "/home/ilduchea/Epicodus/animal-shelter/spec/models/animal_spec.rb": [
        1,
        null,
        null,
        1,
        2,
        2,
        2,
        2,
        null,
        1,
        1,
        4,
        20,
        null,
        4,
        4,
        4,
        null,
        null,
        null,
        null,
        null,
        null,
        null,
        null,
        null,
        null,
        null,
        1,
        1,
        1,
        1,
        null,
        null,
        1,
        1,
        1,
        1,
        null,
        null,
        1,
        1,
        1,
        1,
        null,
        null,
        1,
        1,
        1,
        1,
        null,
        null,
        null,
        null
      ],
      "/home/ilduchea/Epicodus/animal-shelter/spec/rails_helper.rb": [
        null,
        1,
        1,
        1,
        null,
        1,
        1,
        null,
        null,
        null,
        null,
        null,
        null,
        null,
        null,
        null,
        null,
        null,
        null,
        null,
        null,
        null,
        null,
        null,
        null,
        null,
        1,
        null,
        1,
        null,
        1,
        null,
        null,
        null,
        null,
        1,
        null,
        null,
        null,
        null,
        null,
        null,
        null,
        null,
        null,
        null,
        null,
        null,
        null,
        null,
        1,
        null,
        null,
        1,
        null,
        null,
        null,
        null,
        1,
        1,
        1,
        1,
        null,
        null,
        null,
        1
      ],
      "/home/ilduchea/Epicodus/animal-shelter/config/environment.rb": [
        null,
        1,
        null,
        null,
        1
      ],
      "/home/ilduchea/Epicodus/animal-shelter/config/application.rb": [
        1,
        null,
        1,
        null,
        1,
        1,
        1,
        1,
        1,
        1,
        1,
        null,
        null,
        null,
        null,
        null,
        1,
        null,
        1,
        1,
        null,
        1,
        null,
        null,
        null,
        null,
        null,
        null,
        null,
        null,
        1,
        null,
        null
      ],
      "/home/ilduchea/Epicodus/animal-shelter/config/boot.rb": [
        1,
        null,
        1
      ],
      "/home/ilduchea/Epicodus/animal-shelter/config/environments/test.rb": [
        1,
        null,
        null,
        null,
        null,
        null,
        null,
        1,
        null,
        null,
        null,
        null,
        1,
        null,
        null,
        1,
        1,
        null,
        null,
        null,
        null,
        1,
        1,
        null,
        null,
        1,
        null,
        null,
        1,
        1,
        null,
        null,
        null,
        null,
        1,
        null,
        null,
        1,
        null,
        null,
        null,
        null
      ],
      "/home/ilduchea/Epicodus/animal-shelter/config/initializers/application_controller_renderer.rb": [
        null,
        null,
        null,
        null,
        null,
        null
      ],
      "/home/ilduchea/Epicodus/animal-shelter/config/initializers/backtrace_silencers.rb": [
        null,
        null,
        null,
        null,
        null,
        null,
        null
      ],
      "/home/ilduchea/Epicodus/animal-shelter/config/initializers/cors.rb": [
        null,
        null,
        null,
        null,
        null,
        null,
        null,
        null,
        null,
        null,
        null,
        null,
        null,
        null,
        null,
        null
      ],
      "/home/ilduchea/Epicodus/animal-shelter/config/initializers/filter_parameter_logging.rb": [
        null,
        null,
        null,
        1
      ],
      "/home/ilduchea/Epicodus/animal-shelter/config/initializers/inflections.rb": [
        null,
        null,
        null,
        null,
        null,
        null,
        null,
        null,
        null,
        null,
        null,
        null,
        null,
        null,
        null,
        null
      ],
      "/home/ilduchea/Epicodus/animal-shelter/config/initializers/mime_types.rb": [
        null,
        null,
        null,
        null
      ],
      "/home/ilduchea/Epicodus/animal-shelter/config/initializers/wrap_parameters.rb": [
        null,
        null,
        null,
        null,
        null,
        null,
        1,
        2,
        null,
        null,
        null,
        null,
        null,
        null
      ],
      "/home/ilduchea/Epicodus/animal-shelter/app/channels/application_cable/channel.rb": [
        1,
        1,
        null,
        null
      ],
      "/home/ilduchea/Epicodus/animal-shelter/app/channels/application_cable/connection.rb": [
        1,
        1,
        null,
        null
      ],
      "/home/ilduchea/Epicodus/animal-shelter/app/controllers/application_controller.rb": [
        1,
        1,
        null,
        1,
        2,
        null,
        null,
        1,
        1,
        null,
        null
      ],
      "/home/ilduchea/Epicodus/animal-shelter/app/controllers/concerns/response.rb": [
        1,
        1,
        18,
        null,
        null
      ],
      "/home/ilduchea/Epicodus/animal-shelter/app/controllers/v1/animals_controller.rb": [
        1,
        1,
        8,
        8,
        null,
        null,
        1,
        3,
        1,
        null,
        null,
        1,
        7,
        6,
        null,
        null,
        1,
        1,
        1,
        1,
        null,
        null,
        null,
        null,
        null,
        1,
        1,
        1,
        1,
        null,
        null,
        null,
        null,
        null,
        1,
        1,
        8,
        null,
        null
      ],
      "/home/ilduchea/Epicodus/animal-shelter/app/jobs/application_job.rb": [
        1,
        null
      ],
      "/home/ilduchea/Epicodus/animal-shelter/app/mailers/application_mailer.rb": [
        1,
        1,
        1,
        null
      ],
      "/home/ilduchea/Epicodus/animal-shelter/app/models/animal.rb": [
        1,
        1,
        null,
        1,
        null,
        2,
        2,
        2,
        2,
        null
      ],
      "/home/ilduchea/Epicodus/animal-shelter/app/models/application_record.rb": [
        1,
        1,
        null
      ],
      "/home/ilduchea/Epicodus/animal-shelter/app/models/concerns/filterable.rb": [
        1,
        1,
        null,
        1,
        1,
        8,
        8,
        4,
        null,
        8,
        null,
        null,
        null
      ],
      "/home/ilduchea/Epicodus/animal-shelter/spec/factories/animals.rb": [
        1,
        1,
        1,
        1,
        1,
        1,
        null,
        null
      ],
      "/home/ilduchea/Epicodus/animal-shelter/config/routes.rb": [
        1,
        null,
        1,
        1,
        null,
        null,
        1,
        1,
        null,
        null
      ],
      "/home/ilduchea/Epicodus/animal-shelter/spec/requests/destroy_destination_spec.rb": [
        1,
        null,
        1,
        null,
        1,
        2,
        null,
        null,
        1,
        1,
        1,
        1,
        null,
        null,
        1,
        1,
        1,
        1,
        null,
        null
      ],
      "/home/ilduchea/Epicodus/animal-shelter/spec/requests/get_destinations_spec.rb": [
        1,
        null,
        1,
        null,
        1,
        4,
        4,
        null,
        null,
        1,
        1,
        null,
        null,
        1,
        1,
        null,
        null,
        1,
        1,
        1,
        null,
        null,
        1,
        1,
        1,
        1,
        null,
        null
      ],
      "/home/ilduchea/Epicodus/animal-shelter/spec/requests/post_destination_spec.rb": [
        1,
        null,
        1,
        null,
        1,
        6,
        null,
        null,
        null,
        null,
        null,
        null,
        null,
        null,
        1,
        1,
        null,
        null,
        1,
        1,
        null,
        null,
        1,
        1,
        null,
        null,
        1,
        1,
        null,
        null,
        1,
        1,
        null,
        null,
        1,
        1,
        null,
        null,
        null,
        null,
        null,
        1,
        null,
        null
      ],
      "/home/ilduchea/Epicodus/animal-shelter/spec/requests/update_destinations_spec.rb": [
        1,
        null,
        1,
        null,
        1,
        1,
        null,
        1,
        null,
        null,
        null,
        null,
        1,
        1,
        null,
        null,
        null
      ]
    },
    "timestamp": 1500659380
  }
}
